-------------------------------------------------------------------------------
Test set: gw2.main.HelloWorldConfigurationTests
-------------------------------------------------------------------------------
Tests run: 1, Failures: 0, Errors: 1, Skipped: 0, Time elapsed: 0.34 s <<< FAILURE! - in gw2.main.HelloWorldConfigurationTests
initializationError(gw2.main.HelloWorldConfigurationTests)  Time elapsed: 0.004 s  <<< ERROR!
java.lang.IllegalStateException: Unable to find a @SpringBootConfiguration, you need to use @ContextConfiguration or @SpringBootTest(classes=...) with your test

